🚀 Bridge Service v2 running on port 3978
🚀 Bridge Service v2 running on port 3978
[teams] RAW: {"type":"message","from":{"aadObjectId":"fd4dad1a-0ef7-493c-890e-c3343b7d521d","name":"Test User","id":"fd4dad1a"},"conversation":{"id":"test_conv"},"serviceUrl":"https://smba.trafficmanager.net/amer/","id":"msg_test_001","text":"test message","timestamp":"2026-04-21T15:00:00Z"}
[teams] incoming msg: from=fd4dad1a-0ef7-493c-890e-c3343b7d521d conv=test_conv text=test message
[repo] findSessionByPeerAnyOwner(fd4dad1a...) => session_id=undefined owner_platform=undefined display=undefined state=undefined
[router] routeTeamsInbound: teamsUserKey=fd4dad1a feishuSession=undefined ownerPlatform=undefined peerReceiveId=undefined state=undefined
[repo] findSessionByPeerAnyOwner(fd4dad1a...) => session_id=undefined owner_platform=undefined display=undefined state=undefined
[teams->feishu] notify_and_create_idle: no feishuOpenId for fd4dad1a-0ef7-493c-890e-c3343b7d521d
[teams] RAW: {"type":"message","from":{"aadObjectId":"123c6414-1d10-4df6-856f-89d403951b42","name":"Test User2","id":"123c6414"},"conversation":{"id":"test_conv_2"},"serviceUrl":"https://smba.trafficmanager.net/amer/","id":"msg_test_002","text":"hello from teams","timestamp":"2026-04-21T15:00:00Z"}
[teams] incoming msg: from=123c6414-1d10-4df6-856f-89d403951b42 conv=test_conv_2 text=hello from teams
[repo] findSessionByPeerAnyOwner(123c6414...) => session_id=undefined owner_platform=undefined display=undefined state=undefined
[router] routeTeamsInbound: teamsUserKey=123c6414 feishuSession=undefined ownerPlatform=undefined peerReceiveId=undefined state=undefined
[repo] findSessionByPeerAnyOwner(123c6414...) => session_id=undefined owner_platform=undefined display=undefined state=undefined
[teams->feishu] notify_and_create_idle: no feishuOpenId for 123c6414-1d10-4df6-856f-89d403951b42
[teams] RAW: {"type":"message","from":{"aadObjectId":"fd4dad1a-0ef7-493c-890e-c3343b7d521d","name":"Test User","id":"fd4dad1a"},"conversation":{"id":"test_conv"},"serviceUrl":"https://smba.trafficmanager.net/amer/","id":"msg_test_001","text":"test message","timestamp":"2026-04-21T15:00:00Z"}
[teams] incoming msg: from=fd4dad1a-0ef7-493c-890e-c3343b7d521d conv=test_conv text=test message
[repo] findSessionByPeerAnyOwner(fd4dad1a...) => session_id=undefined owner_platform=undefined display=undefined state=undefined
[router] routeTeamsInbound: teamsUserKey=fd4dad1a feishuSession=undefined ownerPlatform=undefined peerReceiveId=undefined state=undefined
[repo] findSessionByPeerAnyOwner(fd4dad1a...) => session_id=undefined owner_platform=undefined display=undefined state=undefined
[teams->feishu] notify_and_create_idle: no feishuOpenId for fd4dad1a-0ef7-493c-890e-c3343b7d521d
🚀 Bridge Service v2 running on port 3978
[teams] RAW: {"type":"message","from":{"aadObjectId":"fd4dad1a-0ef7-493c-890e-c3343b7d521d","name":"Test User","id":"fd4dad1a"},"conversation":{"id":"test_conv"},"serviceUrl":"https://smba.trafficmanager.net/amer/","id":"msg_test_001","text":"test message","timestamp":"2026-04-21T15:00:00Z"}
[teams] incoming msg: from=fd4dad1a-0ef7-493c-890e-c3343b7d521d conv=test_conv text=test message
[repo] findSessionByPeerAnyOwner(fd4dad1a...) => session_id=undefined owner_platform=undefined display=undefined state=undefined
[router] routeTeamsInbound: teamsUserKey=fd4dad1a feishuSession=undefined ownerPlatform=undefined peerReceiveId=undefined state=undefined
[repo] findSessionByPeerAnyOwner(fd4dad1a...) => session_id=undefined owner_platform=undefined display=undefined state=undefined
[teams->feishu] notify_and_create_idle: no feishuOpenId for fd4dad1a-0ef7-493c-890e-c3343b7d521d
[teams] RAW: {"type":"message","from":{"aadObjectId":"fd4dad1a-0ef7-493c-890e-c3343b7d521d","name":"Test User","id":"fd4dad1a"},"conversation":{"id":"test_conv_fresh"},"serviceUrl":"https://smba.trafficmanager.net/amer/","id":"msg_fresh_1776785843","text":"fresh test","timestamp":"2026-04-21T15:00:00Z"}
[teams] incoming msg: from=fd4dad1a-0ef7-493c-890e-c3343b7d521d conv=test_conv_fresh text=fresh test
[repo] findSessionByPeerAnyOwner(fd4dad1a...) => session_id=undefined owner_platform=undefined display=undefined state=undefined
[router] routeTeamsInbound: teamsUserKey=fd4dad1a feishuSession=undefined ownerPlatform=undefined peerReceiveId=undefined state=undefined
[repo] findSessionByPeerAnyOwner(fd4dad1a...) => session_id=undefined owner_platform=undefined display=undefined state=undefined
[teams->feishu] notify_and_create_idle: no feishuOpenId for fd4dad1a-0ef7-493c-890e-c3343b7d521d
